{
  "stats": {
    "suites": 1,
    "tests": 5,
    "passes": 5,
    "pending": 0,
    "failures": 0,
    "start": "2025-06-29T23:24:52.038Z",
    "end": "2025-06-29T23:24:52.046Z",
    "duration": 8,
    "testsRegistered": 5,
    "passPercent": 100,
    "pendingPercent": 0,
    "other": 0,
    "hasOther": false,
    "skipped": 0,
    "hasSkipped": false
  },
  "results": [
    {
      "uuid": "c3f25ea7-11b8-4b1d-89cc-fc4a886e0dbb",
      "title": "",
      "fullFile": "C:\\Users\\Ana\\PGTAS\\PGATS-trabalho\\trabalho-final\\trabalho-final.js",
      "file": "\\trabalho-final\\trabalho-final.js",
      "beforeHooks": [],
      "afterHooks": [],
      "tests": [],
      "suites": [
        {
          "uuid": "65272f29-2b89-4f05-a311-2f50c87ea7f8",
          "title": "Testes da disciplina - fundamentos JS",
          "fullFile": "C:\\Users\\Ana\\PGTAS\\PGATS-trabalho\\trabalho-final\\trabalho-final.js",
          "file": "\\trabalho-final\\trabalho-final.js",
          "beforeHooks": [],
          "afterHooks": [],
          "tests": [
            {
              "title": "QUANDO informar um nome para o Pet, DEVE ser impresso na tag com letras maiúsculas",
              "fullTitle": "Testes da disciplina - fundamentos JS QUANDO informar um nome para o Pet, DEVE ser impresso na tag com letras maiúsculas",
              "timedOut": false,
              "duration": 1,
              "state": "passed",
              "speed": "fast",
              "pass": true,
              "fail": false,
              "pending": false,
              "context": null,
              "code": "assert.strictEqual(geradorDeTagsDeIdentificacao(\"Loki\"), \"LOKI\");",
              "err": {},
              "uuid": "998f4c4c-bc26-4f3e-a0c5-427052412c3d",
              "parentUUID": "65272f29-2b89-4f05-a311-2f50c87ea7f8",
              "isHook": false,
              "skipped": false
            },
            {
              "title": "QUANDO a idade = 1 + porte M, DEVE ser permitida a adoção",
              "fullTitle": "Testes da disciplina - fundamentos JS QUANDO a idade = 1 + porte M, DEVE ser permitida a adoção",
              "timedOut": false,
              "duration": 0,
              "state": "passed",
              "speed": "fast",
              "pass": true,
              "fail": false,
              "pending": false,
              "context": null,
              "code": "assert.strictEqual(verificarSePodeSerAdotado(1, \"M\"), true);",
              "err": {},
              "uuid": "7c2e457b-7309-4001-b28d-4a623763adc2",
              "parentUUID": "65272f29-2b89-4f05-a311-2f50c87ea7f8",
              "isHook": false,
              "skipped": false
            },
            {
              "title": "QUANDO o peso = 14.5, DEVE ser retornado 4350 gramas para o consumo diário",
              "fullTitle": "Testes da disciplina - fundamentos JS QUANDO o peso = 14.5, DEVE ser retornado 4350 gramas para o consumo diário",
              "timedOut": false,
              "duration": 0,
              "state": "passed",
              "speed": "fast",
              "pass": true,
              "fail": false,
              "pending": false,
              "context": null,
              "code": "assert.strictEqual(calcularConsumoDeRacao(\"Mococa\", 1, 14.5), 4350);",
              "err": {},
              "uuid": "e661e06e-a791-44f3-a06c-5de6f56c3c8c",
              "parentUUID": "65272f29-2b89-4f05-a311-2f50c87ea7f8",
              "isHook": false,
              "skipped": false
            },
            {
              "title": "QUANDO o porte = pequeno, DEVE ser retornada a atividade adequada",
              "fullTitle": "Testes da disciplina - fundamentos JS QUANDO o porte = pequeno, DEVE ser retornada a atividade adequada",
              "timedOut": false,
              "duration": 0,
              "state": "passed",
              "speed": "fast",
              "pass": true,
              "fail": false,
              "pending": false,
              "context": null,
              "code": "assert.strictEqual(\n  decidirTipoDeAtividadePorPorte(\"pequeno\"),\n  \"brincar dentro de casa\",\n);",
              "err": {},
              "uuid": "12dd44fa-60e6-4f51-805c-1249142127ea",
              "parentUUID": "65272f29-2b89-4f05-a311-2f50c87ea7f8",
              "isHook": false,
              "skipped": false
            },
            {
              "title": "QUANDO buscar dado de exemplo, DEVE retornar um valor de forma assíncrona",
              "fullTitle": "Testes da disciplina - fundamentos JS QUANDO buscar dado de exemplo, DEVE retornar um valor de forma assíncrona",
              "timedOut": false,
              "duration": 0,
              "state": "passed",
              "speed": "fast",
              "pass": true,
              "fail": false,
              "pending": false,
              "context": null,
              "code": "const resultado = await buscarDadoAsync();\nassert.strictEqual(resultado, \"Sam\");",
              "err": {},
              "uuid": "1bbb1fc0-2a43-48b9-9d46-7d437c2ee823",
              "parentUUID": "65272f29-2b89-4f05-a311-2f50c87ea7f8",
              "isHook": false,
              "skipped": false
            }
          ],
          "suites": [],
          "passes": [
            "998f4c4c-bc26-4f3e-a0c5-427052412c3d",
            "7c2e457b-7309-4001-b28d-4a623763adc2",
            "e661e06e-a791-44f3-a06c-5de6f56c3c8c",
            "12dd44fa-60e6-4f51-805c-1249142127ea",
            "1bbb1fc0-2a43-48b9-9d46-7d437c2ee823"
          ],
          "failures": [],
          "pending": [],
          "skipped": [],
          "duration": 1,
          "root": false,
          "rootEmpty": false,
          "_timeout": 2000
        }
      ],
      "passes": [],
      "failures": [],
      "pending": [],
      "skipped": [],
      "duration": 0,
      "root": true,
      "rootEmpty": true,
      "_timeout": 2000
    }
  ],
  "meta": {
    "mocha": {
      "version": "11.7.1"
    },
    "mochawesome": {
      "options": {
        "quiet": false,
        "reportFilename": "mochawesome",
        "saveHtml": true,
        "saveJson": true,
        "consoleReporter": "spec",
        "useInlineDiffs": false,
        "code": true
      },
      "version": "7.1.3"
    },
    "marge": {
      "options": null,
      "version": "6.2.0"
    }
  }
}