{
  "stats": {
    "suites": 1,
    "tests": 5,
    "passes": 5,
    "pending": 0,
    "failures": 0,
    "start": "2025-06-29T23:00:05.575Z",
    "end": "2025-06-29T23:00:05.583Z",
    "duration": 8,
    "testsRegistered": 5,
    "passPercent": 100,
    "pendingPercent": 0,
    "other": 0,
    "hasOther": false,
    "skipped": 0,
    "hasSkipped": false
  },
  "results": [
    {
      "uuid": "02ec3fb8-6273-4f96-bdf5-3d8f0631e973",
      "title": "",
      "fullFile": "C:\\Users\\Ana\\PGTAS\\PGATS-trabalho\\trabalho-final\\trabalho-final.js",
      "file": "\\trabalho-final\\trabalho-final.js",
      "beforeHooks": [],
      "afterHooks": [],
      "tests": [],
      "suites": [
        {
          "uuid": "125ced34-3fba-461f-845b-c9027e8a4939",
          "title": "Testes da disciplina - fundamentos JS",
          "fullFile": "C:\\Users\\Ana\\PGTAS\\PGATS-trabalho\\trabalho-final\\trabalho-final.js",
          "file": "\\trabalho-final\\trabalho-final.js",
          "beforeHooks": [],
          "afterHooks": [],
          "tests": [
            {
              "title": "QUANDO informar um nome para o Pet, DEVE ser impresso na tag com letras maiúsculas",
              "fullTitle": "Testes da disciplina - fundamentos JS QUANDO informar um nome para o Pet, DEVE ser impresso na tag com letras maiúsculas",
              "timedOut": false,
              "duration": 1,
              "state": "passed",
              "speed": "fast",
              "pass": true,
              "fail": false,
              "pending": false,
              "context": null,
              "code": "assert.strictEqual(geradorDeTagsDeIdentificacao(\"Loki\"), \"LOKI\");",
              "err": {},
              "uuid": "99824f67-ff9c-4cd8-b001-cd92d129d950",
              "parentUUID": "125ced34-3fba-461f-845b-c9027e8a4939",
              "isHook": false,
              "skipped": false
            },
            {
              "title": "QUANDO a idade = 1 + porte M, DEVE ser permitida a adoção",
              "fullTitle": "Testes da disciplina - fundamentos JS QUANDO a idade = 1 + porte M, DEVE ser permitida a adoção",
              "timedOut": false,
              "duration": 0,
              "state": "passed",
              "speed": "fast",
              "pass": true,
              "fail": false,
              "pending": false,
              "context": null,
              "code": "assert.strictEqual(verificarSePodeSerAdotado(1, \"M\"), true);",
              "err": {},
              "uuid": "8c29ae83-1a2d-4e44-89ff-dda0a53ffcb5",
              "parentUUID": "125ced34-3fba-461f-845b-c9027e8a4939",
              "isHook": false,
              "skipped": false
            },
            {
              "title": "QUANDO o peso = 14.5, DEVE ser retornado 4350 gramas para o consumo diário",
              "fullTitle": "Testes da disciplina - fundamentos JS QUANDO o peso = 14.5, DEVE ser retornado 4350 gramas para o consumo diário",
              "timedOut": false,
              "duration": 1,
              "state": "passed",
              "speed": "fast",
              "pass": true,
              "fail": false,
              "pending": false,
              "context": null,
              "code": "assert.strictEqual(calcularConsumoDeRacao(\"Mococa\", 1, 14.5), 4350);",
              "err": {},
              "uuid": "69fe7764-5334-4671-972e-99dc07ddb347",
              "parentUUID": "125ced34-3fba-461f-845b-c9027e8a4939",
              "isHook": false,
              "skipped": false
            },
            {
              "title": "QUANDO o porte = pequeno, DEVE ser retornada a atividade adequada",
              "fullTitle": "Testes da disciplina - fundamentos JS QUANDO o porte = pequeno, DEVE ser retornada a atividade adequada",
              "timedOut": false,
              "duration": 0,
              "state": "passed",
              "speed": "fast",
              "pass": true,
              "fail": false,
              "pending": false,
              "context": null,
              "code": "assert.strictEqual(\n  decidirTipoDeAtividadePorPorte(\"pequeno\"),\n  \"brincar dentro de casa\"\n);",
              "err": {},
              "uuid": "0e72c2d4-81ee-41e7-abee-20c3079b541a",
              "parentUUID": "125ced34-3fba-461f-845b-c9027e8a4939",
              "isHook": false,
              "skipped": false
            },
            {
              "title": "QUANDO buscar dado de exemplo, DEVE retornar um valor de forma assíncrona",
              "fullTitle": "Testes da disciplina - fundamentos JS QUANDO buscar dado de exemplo, DEVE retornar um valor de forma assíncrona",
              "timedOut": false,
              "duration": 1,
              "state": "passed",
              "speed": "fast",
              "pass": true,
              "fail": false,
              "pending": false,
              "context": null,
              "code": "const resultado = await buscarDadoAsync();\nassert.strictEqual(resultado, \"Sam\");",
              "err": {},
              "uuid": "0312ed53-2696-4595-ae99-e5e03259bd72",
              "parentUUID": "125ced34-3fba-461f-845b-c9027e8a4939",
              "isHook": false,
              "skipped": false
            }
          ],
          "suites": [],
          "passes": [
            "99824f67-ff9c-4cd8-b001-cd92d129d950",
            "8c29ae83-1a2d-4e44-89ff-dda0a53ffcb5",
            "69fe7764-5334-4671-972e-99dc07ddb347",
            "0e72c2d4-81ee-41e7-abee-20c3079b541a",
            "0312ed53-2696-4595-ae99-e5e03259bd72"
          ],
          "failures": [],
          "pending": [],
          "skipped": [],
          "duration": 3,
          "root": false,
          "rootEmpty": false,
          "_timeout": 2000
        }
      ],
      "passes": [],
      "failures": [],
      "pending": [],
      "skipped": [],
      "duration": 0,
      "root": true,
      "rootEmpty": true,
      "_timeout": 2000
    }
  ],
  "meta": {
    "mocha": {
      "version": "11.5.0"
    },
    "mochawesome": {
      "options": {
        "quiet": false,
        "reportFilename": "mochawesome",
        "saveHtml": true,
        "saveJson": true,
        "consoleReporter": "spec",
        "useInlineDiffs": false,
        "code": true
      },
      "version": "7.1.3"
    },
    "marge": {
      "options": null,
      "version": "6.2.0"
    }
  }
}
